<?xml version="1.0" encoding="UTF-8"?>
<!-- Generated by org.testng.reporters.JUnitXMLReporter -->
<testsuite ignored="0" hostname="JV-LAP093" failures="0" tests="5" name="Default test" time="59.288" errors="0" timestamp="2023-08-04T17:34:36 NPT">
  <testcase classname="test_functional.Test_Salesforce" name="precondition_salesforce" time="41.574"/>
  <testcase classname="test_functional.Test_Salesforce" name="US01_TC05" time="9.766"/>
  <testcase classname="test_functional.Test_Salesforce" name="US02_TC25" time="0.08"/>
  <testcase classname="test_functional.Test_Salesforce" name="precondition_sq" time="1.201"/>
  <testcase classname="test_functional.Test_Salesforce" name="US03_TC40" time="4.885"/>
</testsuite> <!-- Default test -->
