<?xml version="1.0" encoding="UTF-8"?>
<!-- Generated by org.testng.reporters.JUnitXMLReporter -->
<testsuite ignored="0" hostname="JV-LAP093" failures="0" tests="3" name="Default test" time="38.822" errors="0" timestamp="2023-08-03T09:51:28 NPT">
  <testcase classname="test_functional.Test_Salesforce" name="precondition" time="37.511"/>
  <testcase classname="test_functional.Test_Salesforce" name="testcase_01" time="0.125"/>
  <testcase classname="test_functional.Test_Salesforce" name="testcase_02" time="0.122"/>
</testsuite> <!-- Default test -->
