<?xml version="1.0" encoding="UTF-8"?>
<testng-results ignored="0" total="3" passed="3" failed="0" skipped="0">
  <reporter-output>
  </reporter-output>
  <suite started-at="2023-08-03T09:50:50 NPT" name="Default suite" finished-at="2023-08-03T09:51:28 NPT" duration-ms="38822">
    <groups>
    </groups>
    <test started-at="2023-08-03T09:50:50 NPT" name="Default test" finished-at="2023-08-03T09:51:28 NPT" duration-ms="38822">
      <class name="test_functional.Test_Salesforce">
        <test-method is-config="true" signature="setup()[pri:0, instance:test_functional.Test_Salesforce@72c927f1]" started-at="2023-08-03T09:50:50 NPT" name="setup" finished-at="2023-08-03T09:50:50 NPT" duration-ms="596" status="PASS">
          <reporter-output>
          </reporter-output>
        </test-method> <!-- setup -->
        <test-method signature="precondition()[pri:1, instance:test_functional.Test_Salesforce@72c927f1]" started-at="2023-08-03T09:50:50 NPT" name="precondition" finished-at="2023-08-03T09:51:28 NPT" duration-ms="37511" status="PASS">
          <reporter-output>
          </reporter-output>
        </test-method> <!-- precondition -->
        <test-method signature="testcase_01()[pri:2, instance:test_functional.Test_Salesforce@72c927f1]" started-at="2023-08-03T09:51:28 NPT" name="testcase_01" finished-at="2023-08-03T09:51:28 NPT" duration-ms="125" status="PASS">
          <reporter-output>
          </reporter-output>
        </test-method> <!-- testcase_01 -->
        <test-method signature="testcase_02()[pri:3, instance:test_functional.Test_Salesforce@72c927f1]" started-at="2023-08-03T09:51:28 NPT" name="testcase_02" finished-at="2023-08-03T09:51:28 NPT" duration-ms="122" status="PASS">
          <reporter-output>
          </reporter-output>
        </test-method> <!-- testcase_02 -->
        <test-method is-config="true" signature="teardown()[pri:0, instance:test_functional.Test_Salesforce@72c927f1]" started-at="2023-08-03T09:51:28 NPT" name="teardown" finished-at="2023-08-03T09:51:28 NPT" duration-ms="348" status="PASS">
          <reporter-output>
          </reporter-output>
        </test-method> <!-- teardown -->
      </class> <!-- test_functional.Test_Salesforce -->
    </test> <!-- Default test -->
  </suite> <!-- Default suite -->
</testng-results>
