<?xml version="1.0" encoding="UTF-8"?>
<testng-results ignored="0" total="5" passed="5" failed="0" skipped="0">
  <reporter-output>
  </reporter-output>
  <suite started-at="2023-08-04T17:33:37 NPT" name="Default suite" finished-at="2023-08-04T17:34:36 NPT" duration-ms="59288">
    <groups>
    </groups>
    <test started-at="2023-08-04T17:33:37 NPT" name="Default test" finished-at="2023-08-04T17:34:36 NPT" duration-ms="59288">
      <class name="test_functional.Test_Salesforce">
        <test-method is-config="true" signature="setup()[pri:0, instance:test_functional.Test_Salesforce@411341bd]" started-at="2023-08-04T17:33:37 NPT" name="setup" finished-at="2023-08-04T17:33:38 NPT" duration-ms="986" status="PASS">
          <reporter-output>
          </reporter-output>
        </test-method> <!-- setup -->
        <test-method signature="precondition_salesforce()[pri:1, instance:test_functional.Test_Salesforce@411341bd]" started-at="2023-08-04T17:33:38 NPT" name="precondition_salesforce" finished-at="2023-08-04T17:34:19 NPT" duration-ms="41574" status="PASS">
          <reporter-output>
          </reporter-output>
        </test-method> <!-- precondition_salesforce -->
        <test-method signature="US01_TC05()[pri:2, instance:test_functional.Test_Salesforce@411341bd]" started-at="2023-08-04T17:34:19 NPT" name="US01_TC05" finished-at="2023-08-04T17:34:29 NPT" duration-ms="9766" status="PASS">
          <reporter-output>
          </reporter-output>
        </test-method> <!-- US01_TC05 -->
        <test-method signature="US02_TC25()[pri:4, instance:test_functional.Test_Salesforce@411341bd]" started-at="2023-08-04T17:34:29 NPT" name="US02_TC25" finished-at="2023-08-04T17:34:29 NPT" duration-ms="80" status="PASS">
          <reporter-output>
          </reporter-output>
        </test-method> <!-- US02_TC25 -->
        <test-method signature="precondition_sq()[pri:4, instance:test_functional.Test_Salesforce@411341bd]" started-at="2023-08-04T17:34:29 NPT" name="precondition_sq" finished-at="2023-08-04T17:34:31 NPT" duration-ms="1201" status="PASS">
          <reporter-output>
          </reporter-output>
        </test-method> <!-- precondition_sq -->
        <test-method signature="US03_TC40()[pri:5, instance:test_functional.Test_Salesforce@411341bd]" started-at="2023-08-04T17:34:31 NPT" name="US03_TC40" finished-at="2023-08-04T17:34:35 NPT" duration-ms="4885" status="PASS">
          <reporter-output>
          </reporter-output>
        </test-method> <!-- US03_TC40 -->
        <test-method is-config="true" signature="teardown()[pri:0, instance:test_functional.Test_Salesforce@411341bd]" started-at="2023-08-04T17:34:35 NPT" name="teardown" finished-at="2023-08-04T17:34:36 NPT" duration-ms="609" status="PASS">
          <reporter-output>
          </reporter-output>
        </test-method> <!-- teardown -->
      </class> <!-- test_functional.Test_Salesforce -->
    </test> <!-- Default test -->
  </suite> <!-- Default suite -->
</testng-results>
